0 info it worked if it ends with ok
1 verbose cli [ '/usr/local/bin/node',
1 verbose cli   '/usr/local/bin/npm',
1 verbose cli   'install',
1 verbose cli   'git+https://github.com/tera-insights/angular-secure-password.git' ]
2 info using npm@4.0.3
3 info using node@v5.4.0
4 silly loadCurrentTree Starting
5 silly install loadCurrentTree
6 silly install readLocalPackageData
7 silly fetchPackageMetaData git+https://github.com/tera-insights/angular-secure-password.git
8 silly fetchOtherPackageData git+https://github.com/tera-insights/angular-secure-password.git
9 silly cache add args [ 'git+https://github.com/tera-insights/angular-secure-password.git',
9 silly cache add   null ]
10 verbose cache add spec git+https://github.com/tera-insights/angular-secure-password.git
11 silly cache add parsed spec Result {
11 silly cache add   raw: 'git+https://github.com/tera-insights/angular-secure-password.git',
11 silly cache add   scope: null,
11 silly cache add   escapedName: null,
11 silly cache add   name: null,
11 silly cache add   rawSpec: 'git+https://github.com/tera-insights/angular-secure-password.git',
11 silly cache add   spec: 'git+https://github.com/tera-insights/angular-secure-password.git',
11 silly cache add   type: 'hosted',
11 silly cache add   hosted:
11 silly cache add    { type: 'github',
11 silly cache add      ssh: 'git@github.com:tera-insights/angular-secure-password.git',
11 silly cache add      sshUrl: 'git+ssh://git@github.com/tera-insights/angular-secure-password.git',
11 silly cache add      httpsUrl: 'git+https://github.com/tera-insights/angular-secure-password.git',
11 silly cache add      gitUrl: 'git://github.com/tera-insights/angular-secure-password.git',
11 silly cache add      shortcut: 'github:tera-insights/angular-secure-password',
11 silly cache add      directUrl: 'https://raw.githubusercontent.com/tera-insights/angular-secure-password/master/package.json' } }
12 verbose addRemoteGit caching git+https://github.com/tera-insights/angular-secure-password.git
13 verbose addRemoteGit git+https://github.com/tera-insights/angular-secure-password.git is a repository hosted by github
14 silly tryClone cloning git+https://github.com/tera-insights/angular-secure-password.git via git+https://github.com/tera-insights/angular-secure-password.git
15 verbose tryClone git-https-github-com-tera-insights-angular-secure-password-git-ff4a10ea not in flight; caching
16 verbose correctMkdir /Users/claus_sam/.npm/_git-remotes correctMkdir not in flight; initializing
17 verbose makeDirectory /Users/claus_sam/.npm/_git-remotes creation not in flight; initializing
18 silly makeDirectory /Users/claus_sam/.npm/_git-remotes uid: 501 gid: 20
19 info git [ 'clone',
19 info git   '--template=/Users/claus_sam/.npm/_git-remotes/_templates',
19 info git   '--mirror',
19 info git   'https://github.com/tera-insights/angular-secure-password.git',
19 info git   '/Users/claus_sam/.npm/_git-remotes/git-https-github-com-tera-insights-angular-secure-password-git-ff4a10ea' ]
20 verbose mirrorRemote git+https://github.com/tera-insights/angular-secure-password.git git clone https://github.com/tera-insights/angular-secure-password.git
21 verbose correctMkdir /Users/claus_sam/.npm/_git-remotes correctMkdir not in flight; initializing
22 verbose setPermissions git+https://github.com/tera-insights/angular-secure-password.git set permissions on /Users/claus_sam/.npm/_git-remotes/git-https-github-com-tera-insights-angular-secure-password-git-ff4a10ea
23 verbose resolveHead git+https://github.com/tera-insights/angular-secure-password.git original treeish: master
24 info git [ 'rev-list', '-n1', 'master' ]
25 silly resolveHead git+https://github.com/tera-insights/angular-secure-password.git resolved treeish: 2c7b76295a5147a871efe99126cf6f73d9af2788
26 verbose resolveHead git+https://github.com/tera-insights/angular-secure-password.git resolved Git URL: git+https://github.com/tera-insights/angular-secure-password.git#2c7b76295a5147a871efe99126cf6f73d9af2788
27 silly resolveHead Git working directory: /var/folders/q3/t83r9h2962b8n3g82qjzxbvm0000gn/T/npm-3282-c162ffa2/git-cache-4dc99afd/2c7b76295a5147a871efe99126cf6f73d9af2788
28 info git [ 'clone',
28 info git   '/Users/claus_sam/.npm/_git-remotes/git-https-github-com-tera-insights-angular-secure-password-git-ff4a10ea',
28 info git   '/var/folders/q3/t83r9h2962b8n3g82qjzxbvm0000gn/T/npm-3282-c162ffa2/git-cache-4dc99afd/2c7b76295a5147a871efe99126cf6f73d9af2788' ]
29 verbose cloneResolved git+https://github.com/tera-insights/angular-secure-password.git clone Cloning into '/var/folders/q3/t83r9h2962b8n3g82qjzxbvm0000gn/T/npm-3282-c162ffa2/git-cache-4dc99afd/2c7b76295a5147a871efe99126cf6f73d9af2788'...
29 verbose cloneResolved done.
30 info git [ 'checkout', '2c7b76295a5147a871efe99126cf6f73d9af2788' ]
31 verbose checkoutTreeish git+https://github.com/tera-insights/angular-secure-password.git checkout Note: checking out '2c7b76295a5147a871efe99126cf6f73d9af2788'.
31 verbose checkoutTreeish
31 verbose checkoutTreeish You are in 'detached HEAD' state. You can look around, make experimental
31 verbose checkoutTreeish changes and commit them, and you can discard any commits you make in this
31 verbose checkoutTreeish state without impacting any branches by performing another checkout.
31 verbose checkoutTreeish
31 verbose checkoutTreeish If you want to create a new branch to retain commits you create, you may
31 verbose checkoutTreeish do so (now or later) by using -b with the checkout command again. Example:
31 verbose checkoutTreeish
31 verbose checkoutTreeish   git checkout -b <new-branch-name>
31 verbose checkoutTreeish
31 verbose checkoutTreeish HEAD is now at 2c7b762... Add change function so we can detect changes
32 info git [ 'submodule', '-q', 'update', '--init', '--recursive' ]
33 verbose updateSubmodules git+https://github.com/tera-insights/angular-secure-password.git submodule update
34 error addLocal Could not install /var/folders/q3/t83r9h2962b8n3g82qjzxbvm0000gn/T/npm-3282-c162ffa2/git-cache-4dc99afd/2c7b76295a5147a871efe99126cf6f73d9af2788
35 silly fetchPackageMetaData Error: EISDIR: illegal operation on a directory, read
35 silly fetchPackageMetaData     at Error (native)
35 silly fetchPackageMetaData  error for git+https://github.com/tera-insights/angular-secure-password.git { [Error: EISDIR: illegal operation on a directory, read] errno: -21, code: 'EISDIR', syscall: 'read' }
36 silly rollbackFailedOptional Starting
37 silly rollbackFailedOptional Finishing
38 silly runTopLevelLifecycles Finishing
39 silly install printInstalled
40 verbose stack Error: EISDIR: illegal operation on a directory, read
40 verbose stack     at Error (native)
41 verbose cwd /Users/claus_sam/go/src/2q2r/admin
42 error Darwin 16.3.0
43 error argv "/usr/local/bin/node" "/usr/local/bin/npm" "install" "git+https://github.com/tera-insights/angular-secure-password.git"
44 error node v5.4.0
45 error npm  v4.0.3
46 error code EISDIR
47 error errno -21
48 error syscall read
49 error eisdir EISDIR: illegal operation on a directory, read
50 error eisdir This is most likely not a problem with npm itself
50 error eisdir and is related to npm not being able to find a package.json in
50 error eisdir a package you are trying to install.
51 verbose exit [ -21, true ]
